<?xml version="1.0" encoding="UTF-8"?>
<testng-results ignored="0" total="1" passed="1" failed="0" skipped="0">
  <reporter-output>
    <line>
      <![CDATA[Hello sir aapke Kai Liye]]>
    </line>
  </reporter-output>
  <suite started-at="2024-01-06T17:04:18 IST" name="Default suite" finished-at="2024-01-06T17:04:18 IST" duration-ms="77">
    <groups>
    </groups>
    <test started-at="2024-01-06T17:04:18 IST" name="Default test" finished-at="2024-01-06T17:04:18 IST" duration-ms="77">
      <class name="m1.BasicSelenium.GodsKnowsTestNG">
        <test-method signature="m1()[pri:0, instance:m1.BasicSelenium.GodsKnowsTestNG@70e9c95d]" started-at="2024-01-06T17:04:18 IST" name="m1" finished-at="2024-01-06T17:04:18 IST" duration-ms="17" status="PASS">
          <reporter-output>
            <line>
              <![CDATA[Hello sir aapke Kai Liye]]>
            </line>
          </reporter-output>
        </test-method> <!-- m1 -->
      </class> <!-- m1.BasicSelenium.GodsKnowsTestNG -->
    </test> <!-- Default test -->
  </suite> <!-- Default suite -->
</testng-results>
