<?xml version="1.0" encoding="UTF-8"?>
<testng-results ignored="0" total="1" passed="1" failed="0" skipped="0">
  <reporter-output>
  </reporter-output>
  <suite started-at="2023-11-17T00:44:06 IST" name="Suite" finished-at="2023-11-17T00:44:12 IST" duration-ms="5875">
    <groups>
    </groups>
    <test started-at="2023-11-17T00:44:06 IST" name="Test" finished-at="2023-11-17T00:44:12 IST" duration-ms="5875">
      <class name="SeleniumBasicProgram.TestingParameter">
        <test-method signature="amanTest(java.lang.String)[pri:0, instance:SeleniumBasicProgram.TestingParameter@72035809]" started-at="2023-11-17T00:44:06 IST" name="amanTest" finished-at="2023-11-17T00:44:12 IST" duration-ms="5817" status="PASS">
          <params>
            <param index="0">
              <value>
                <![CDATA[https://tutorialsninja.com/demo/]]>
              </value>
            </param>
          </params>
          <reporter-output>
          </reporter-output>
        </test-method> <!-- amanTest -->
      </class> <!-- SeleniumBasicProgram.TestingParameter -->
    </test> <!-- Test -->
  </suite> <!-- Suite -->
</testng-results>
